2020-01-04 11:08:19 ERROR: zcrmsdk\crm\exception\ZCRMException Caused by:'unable to process your request. please verify whether you have entered proper method name, parameter and parameter values.' in C:\Users\Mr Faisal\Desktop\Zoho-php-practisoner\vendor\zohocrm\php-sdk\src\crm\api\response\APIResponse.php(93)
Trace::#0 C:\Users\Mr Faisal\Desktop\Zoho-php-practisoner\vendor\zohocrm\php-sdk\src\crm\api\response\CommonAPIResponse.php(76): zcrmsdk\crm\api\response\APIResponse->handleForFaultyResponses()
#1 C:\Users\Mr Faisal\Desktop\Zoho-php-practisoner\vendor\zohocrm\php-sdk\src\crm\api\response\CommonAPIResponse.php(67): zcrmsdk\crm\api\response\CommonAPIResponse->processResponse()
#2 C:\Users\Mr Faisal\Desktop\Zoho-php-practisoner\vendor\zohocrm\php-sdk\src\crm\api\response\APIResponse.php(34): zcrmsdk\crm\api\response\CommonAPIResponse->__construct('HTTP/1.1 400 \r\n...', 400, NULL)
#3 C:\Users\Mr Faisal\Desktop\Zoho-php-practisoner\vendor\zohocrm\php-sdk\src\crm\api\APIRequest.php(122): zcrmsdk\crm\api\response\APIResponse->__construct('HTTP/1.1 400 \r\n...', 400)
#4 C:\Users\Mr Faisal\Desktop\Zoho-php-practisoner\vendor\zohocrm\php-sdk\src\crm\api\handler\OrganizationAPIHandler.php(121): zcrmsdk\crm\api\APIRequest->getAPIResponse()
#5 C:\Users\Mr Faisal\Desktop\Zoho-php-practisoner\vendor\zohocrm\php-sdk\src\crm\setup\restclient\ZCRMRestClient.php(134): zcrmsdk\crm\api\handler\OrganizationAPIHandler->getOrganizationDetails()
#6 C:\Users\Mr Faisal\Desktop\Zoho-php-practisoner\app\views\index.view.php(8): zcrmsdk\crm\setup\restclient\ZCRMRestClient::getOrganizationDetails()
#7 C:\Users\Mr Faisal\Desktop\Zoho-php-practisoner\core\bootstrap.php(24): require('C:\\Users\\Mr Fai...')
#8 C:\Users\Mr Faisal\Desktop\Zoho-php-practisoner\app\controllers\PagesController.php(10): view('index')
#9 C:\Users\Mr Faisal\Desktop\Zoho-php-practisoner\core\Router.php(57): App\Controllers\PagesController->home()
#10 C:\Users\Mr Faisal\Desktop\Zoho-php-practisoner\core\Router.php(39): App\core\Router->callAction(Object(App\Controllers\PagesController), 'home')
#11 C:\Users\Mr Faisal\Desktop\Zoho-php-practisoner\index.php(10): App\core\Router->direct('home', 'GET')
#12 {main}
2020-01-04 11:09:11 ERROR: zcrmsdk\crm\exception\ZCRMException Caused by:'unable to process your request. please verify whether you have entered proper method name, parameter and parameter values.' in C:\Users\Mr Faisal\Desktop\Zoho-php-practisoner\vendor\zohocrm\php-sdk\src\crm\api\response\APIResponse.php(93)
Trace::#0 C:\Users\Mr Faisal\Desktop\Zoho-php-practisoner\vendor\zohocrm\php-sdk\src\crm\api\response\CommonAPIResponse.php(76): zcrmsdk\crm\api\response\APIResponse->handleForFaultyResponses()
#1 C:\Users\Mr Faisal\Desktop\Zoho-php-practisoner\vendor\zohocrm\php-sdk\src\crm\api\response\CommonAPIResponse.php(67): zcrmsdk\crm\api\response\CommonAPIResponse->processResponse()
#2 C:\Users\Mr Faisal\Desktop\Zoho-php-practisoner\vendor\zohocrm\php-sdk\src\crm\api\response\APIResponse.php(34): zcrmsdk\crm\api\response\CommonAPIResponse->__construct('HTTP/1.1 400 \r\n...', 400, NULL)
#3 C:\Users\Mr Faisal\Desktop\Zoho-php-practisoner\vendor\zohocrm\php-sdk\src\crm\api\APIRequest.php(122): zcrmsdk\crm\api\response\APIResponse->__construct('HTTP/1.1 400 \r\n...', 400)
#4 C:\Users\Mr Faisal\Desktop\Zoho-php-practisoner\vendor\zohocrm\php-sdk\src\crm\api\handler\OrganizationAPIHandler.php(121): zcrmsdk\crm\api\APIRequest->getAPIResponse()
#5 C:\Users\Mr Faisal\Desktop\Zoho-php-practisoner\vendor\zohocrm\php-sdk\src\crm\setup\restclient\ZCRMRestClient.php(134): zcrmsdk\crm\api\handler\OrganizationAPIHandler->getOrganizationDetails()
#6 C:\Users\Mr Faisal\Desktop\Zoho-php-practisoner\app\views\index.view.php(8): zcrmsdk\crm\setup\restclient\ZCRMRestClient::getOrganizationDetails()
#7 C:\Users\Mr Faisal\Desktop\Zoho-php-practisoner\core\bootstrap.php(24): require('C:\\Users\\Mr Fai...')
#8 C:\Users\Mr Faisal\Desktop\Zoho-php-practisoner\app\controllers\PagesController.php(10): view('index')
#9 C:\Users\Mr Faisal\Desktop\Zoho-php-practisoner\core\Router.php(57): App\Controllers\PagesController->home()
#10 C:\Users\Mr Faisal\Desktop\Zoho-php-practisoner\core\Router.php(39): App\core\Router->callAction(Object(App\Controllers\PagesController), 'home')
#11 C:\Users\Mr Faisal\Desktop\Zoho-php-practisoner\index.php(10): App\core\Router->direct('home', 'GET')
#12 {main}
2020-01-04 11:09:27 ERROR: zcrmsdk\crm\exception\ZCRMException Caused by:'unable to process your request. please verify whether you have entered proper method name, parameter and parameter values.' in C:\Users\Mr Faisal\Desktop\Zoho-php-practisoner\vendor\zohocrm\php-sdk\src\crm\api\response\APIResponse.php(93)
Trace::#0 C:\Users\Mr Faisal\Desktop\Zoho-php-practisoner\vendor\zohocrm\php-sdk\src\crm\api\response\CommonAPIResponse.php(76): zcrmsdk\crm\api\response\APIResponse->handleForFaultyResponses()
#1 C:\Users\Mr Faisal\Desktop\Zoho-php-practisoner\vendor\zohocrm\php-sdk\src\crm\api\response\CommonAPIResponse.php(67): zcrmsdk\crm\api\response\CommonAPIResponse->processResponse()
#2 C:\Users\Mr Faisal\Desktop\Zoho-php-practisoner\vendor\zohocrm\php-sdk\src\crm\api\response\APIResponse.php(34): zcrmsdk\crm\api\response\CommonAPIResponse->__construct('HTTP/1.1 400 \r\n...', 400, NULL)
#3 C:\Users\Mr Faisal\Desktop\Zoho-php-practisoner\vendor\zohocrm\php-sdk\src\crm\api\APIRequest.php(122): zcrmsdk\crm\api\response\APIResponse->__construct('HTTP/1.1 400 \r\n...', 400)
#4 C:\Users\Mr Faisal\Desktop\Zoho-php-practisoner\vendor\zohocrm\php-sdk\src\crm\api\handler\OrganizationAPIHandler.php(121): zcrmsdk\crm\api\APIRequest->getAPIResponse()
#5 C:\Users\Mr Faisal\Desktop\Zoho-php-practisoner\vendor\zohocrm\php-sdk\src\crm\setup\restclient\ZCRMRestClient.php(134): zcrmsdk\crm\api\handler\OrganizationAPIHandler->getOrganizationDetails()
#6 C:\Users\Mr Faisal\Desktop\Zoho-php-practisoner\app\views\index.view.php(8): zcrmsdk\crm\setup\restclient\ZCRMRestClient::getOrganizationDetails()
#7 C:\Users\Mr Faisal\Desktop\Zoho-php-practisoner\core\bootstrap.php(24): require('C:\\Users\\Mr Fai...')
#8 C:\Users\Mr Faisal\Desktop\Zoho-php-practisoner\app\controllers\PagesController.php(10): view('index')
#9 C:\Users\Mr Faisal\Desktop\Zoho-php-practisoner\core\Router.php(57): App\Controllers\PagesController->home()
#10 C:\Users\Mr Faisal\Desktop\Zoho-php-practisoner\core\Router.php(39): App\core\Router->callAction(Object(App\Controllers\PagesController), 'home')
#11 C:\Users\Mr Faisal\Desktop\Zoho-php-practisoner\index.php(10): App\core\Router->direct('home', 'GET')
#12 {main}
2020-01-04 11:11:53 ERROR: zcrmsdk\crm\exception\ZCRMException Caused by:'unable to process your request. please verify whether you have entered proper method name, parameter and parameter values.' in C:\Users\Mr Faisal\Desktop\Zoho-php-practisoner\vendor\zohocrm\php-sdk\src\crm\api\response\APIResponse.php(93)
Trace::#0 C:\Users\Mr Faisal\Desktop\Zoho-php-practisoner\vendor\zohocrm\php-sdk\src\crm\api\response\CommonAPIResponse.php(76): zcrmsdk\crm\api\response\APIResponse->handleForFaultyResponses()
#1 C:\Users\Mr Faisal\Desktop\Zoho-php-practisoner\vendor\zohocrm\php-sdk\src\crm\api\response\CommonAPIResponse.php(67): zcrmsdk\crm\api\response\CommonAPIResponse->processResponse()
#2 C:\Users\Mr Faisal\Desktop\Zoho-php-practisoner\vendor\zohocrm\php-sdk\src\crm\api\response\APIResponse.php(34): zcrmsdk\crm\api\response\CommonAPIResponse->__construct('HTTP/1.1 400 \r\n...', 400, NULL)
#3 C:\Users\Mr Faisal\Desktop\Zoho-php-practisoner\vendor\zohocrm\php-sdk\src\crm\api\APIRequest.php(122): zcrmsdk\crm\api\response\APIResponse->__construct('HTTP/1.1 400 \r\n...', 400)
#4 C:\Users\Mr Faisal\Desktop\Zoho-php-practisoner\vendor\zohocrm\php-sdk\src\crm\api\handler\OrganizationAPIHandler.php(121): zcrmsdk\crm\api\APIRequest->getAPIResponse()
#5 C:\Users\Mr Faisal\Desktop\Zoho-php-practisoner\vendor\zohocrm\php-sdk\src\crm\setup\restclient\ZCRMRestClient.php(134): zcrmsdk\crm\api\handler\OrganizationAPIHandler->getOrganizationDetails()
#6 C:\Users\Mr Faisal\Desktop\Zoho-php-practisoner\app\views\index.view.php(7): zcrmsdk\crm\setup\restclient\ZCRMRestClient::getOrganizationDetails()
#7 C:\Users\Mr Faisal\Desktop\Zoho-php-practisoner\core\bootstrap.php(24): require('C:\\Users\\Mr Fai...')
#8 C:\Users\Mr Faisal\Desktop\Zoho-php-practisoner\app\controllers\PagesController.php(10): view('index')
#9 C:\Users\Mr Faisal\Desktop\Zoho-php-practisoner\core\Router.php(57): App\Controllers\PagesController->home()
#10 C:\Users\Mr Faisal\Desktop\Zoho-php-practisoner\core\Router.php(39): App\core\Router->callAction(Object(App\Controllers\PagesController), 'home')
#11 C:\Users\Mr Faisal\Desktop\Zoho-php-practisoner\index.php(10): App\core\Router->direct('home', 'GET')
#12 {main}
2020-01-04 11:12:51 ERROR: zcrmsdk\crm\exception\ZCRMException Caused by:'unable to process your request. please verify whether you have entered proper method name, parameter and parameter values.' in C:\Users\Mr Faisal\Desktop\Zoho-php-practisoner\vendor\zohocrm\php-sdk\src\crm\api\response\APIResponse.php(93)
Trace::#0 C:\Users\Mr Faisal\Desktop\Zoho-php-practisoner\vendor\zohocrm\php-sdk\src\crm\api\response\CommonAPIResponse.php(76): zcrmsdk\crm\api\response\APIResponse->handleForFaultyResponses()
#1 C:\Users\Mr Faisal\Desktop\Zoho-php-practisoner\vendor\zohocrm\php-sdk\src\crm\api\response\CommonAPIResponse.php(67): zcrmsdk\crm\api\response\CommonAPIResponse->processResponse()
#2 C:\Users\Mr Faisal\Desktop\Zoho-php-practisoner\vendor\zohocrm\php-sdk\src\crm\api\response\APIResponse.php(34): zcrmsdk\crm\api\response\CommonAPIResponse->__construct('HTTP/1.1 400 \r\n...', 400, NULL)
#3 C:\Users\Mr Faisal\Desktop\Zoho-php-practisoner\vendor\zohocrm\php-sdk\src\crm\api\APIRequest.php(122): zcrmsdk\crm\api\response\APIResponse->__construct('HTTP/1.1 400 \r\n...', 400)
#4 C:\Users\Mr Faisal\Desktop\Zoho-php-practisoner\vendor\zohocrm\php-sdk\src\crm\api\handler\OrganizationAPIHandler.php(121): zcrmsdk\crm\api\APIRequest->getAPIResponse()
#5 C:\Users\Mr Faisal\Desktop\Zoho-php-practisoner\vendor\zohocrm\php-sdk\src\crm\setup\restclient\ZCRMRestClient.php(134): zcrmsdk\crm\api\handler\OrganizationAPIHandler->getOrganizationDetails()
#6 C:\Users\Mr Faisal\Desktop\Zoho-php-practisoner\app\views\index.view.php(7): zcrmsdk\crm\setup\restclient\ZCRMRestClient::getOrganizationDetails()
#7 C:\Users\Mr Faisal\Desktop\Zoho-php-practisoner\core\bootstrap.php(24): require('C:\\Users\\Mr Fai...')
#8 C:\Users\Mr Faisal\Desktop\Zoho-php-practisoner\app\controllers\PagesController.php(10): view('index')
#9 C:\Users\Mr Faisal\Desktop\Zoho-php-practisoner\core\Router.php(57): App\Controllers\PagesController->home()
#10 C:\Users\Mr Faisal\Desktop\Zoho-php-practisoner\core\Router.php(39): App\core\Router->callAction(Object(App\Controllers\PagesController), 'home')
#11 C:\Users\Mr Faisal\Desktop\Zoho-php-practisoner\index.php(10): App\core\Router->direct('home', 'GET')
#12 {main}
2020-01-04 11:13:34 ERROR: zcrmsdk\crm\exception\ZCRMException Caused by:'unable to process your request. please verify whether you have entered proper method name, parameter and parameter values.' in C:\Users\Mr Faisal\Desktop\Zoho-php-practisoner\vendor\zohocrm\php-sdk\src\crm\api\response\APIResponse.php(93)
Trace::#0 C:\Users\Mr Faisal\Desktop\Zoho-php-practisoner\vendor\zohocrm\php-sdk\src\crm\api\response\CommonAPIResponse.php(76): zcrmsdk\crm\api\response\APIResponse->handleForFaultyResponses()
#1 C:\Users\Mr Faisal\Desktop\Zoho-php-practisoner\vendor\zohocrm\php-sdk\src\crm\api\response\CommonAPIResponse.php(67): zcrmsdk\crm\api\response\CommonAPIResponse->processResponse()
#2 C:\Users\Mr Faisal\Desktop\Zoho-php-practisoner\vendor\zohocrm\php-sdk\src\crm\api\response\APIResponse.php(34): zcrmsdk\crm\api\response\CommonAPIResponse->__construct('HTTP/1.1 400 \r\n...', 400, NULL)
#3 C:\Users\Mr Faisal\Desktop\Zoho-php-practisoner\vendor\zohocrm\php-sdk\src\crm\api\APIRequest.php(122): zcrmsdk\crm\api\response\APIResponse->__construct('HTTP/1.1 400 \r\n...', 400)
#4 C:\Users\Mr Faisal\Desktop\Zoho-php-practisoner\vendor\zohocrm\php-sdk\src\crm\api\handler\OrganizationAPIHandler.php(121): zcrmsdk\crm\api\APIRequest->getAPIResponse()
#5 C:\Users\Mr Faisal\Desktop\Zoho-php-practisoner\vendor\zohocrm\php-sdk\src\crm\setup\restclient\ZCRMRestClient.php(134): zcrmsdk\crm\api\handler\OrganizationAPIHandler->getOrganizationDetails()
#6 C:\Users\Mr Faisal\Desktop\Zoho-php-practisoner\app\views\index.view.php(7): zcrmsdk\crm\setup\restclient\ZCRMRestClient::getOrganizationDetails()
#7 C:\Users\Mr Faisal\Desktop\Zoho-php-practisoner\core\bootstrap.php(24): require('C:\\Users\\Mr Fai...')
#8 C:\Users\Mr Faisal\Desktop\Zoho-php-practisoner\app\controllers\PagesController.php(10): view('index')
#9 C:\Users\Mr Faisal\Desktop\Zoho-php-practisoner\core\Router.php(57): App\Controllers\PagesController->home()
#10 C:\Users\Mr Faisal\Desktop\Zoho-php-practisoner\core\Router.php(39): App\core\Router->callAction(Object(App\Controllers\PagesController), 'home')
#11 C:\Users\Mr Faisal\Desktop\Zoho-php-practisoner\index.php(10): App\core\Router->direct('home', 'GET')
#12 {main}
2020-01-04 11:14:35 ERROR: zcrmsdk\crm\exception\ZCRMException Caused by:'unable to process your request. please verify whether you have entered proper method name, parameter and parameter values.' in C:\Users\Mr Faisal\Desktop\Zoho-php-practisoner\vendor\zohocrm\php-sdk\src\crm\api\response\APIResponse.php(93)
Trace::#0 C:\Users\Mr Faisal\Desktop\Zoho-php-practisoner\vendor\zohocrm\php-sdk\src\crm\api\response\CommonAPIResponse.php(76): zcrmsdk\crm\api\response\APIResponse->handleForFaultyResponses()
#1 C:\Users\Mr Faisal\Desktop\Zoho-php-practisoner\vendor\zohocrm\php-sdk\src\crm\api\response\CommonAPIResponse.php(67): zcrmsdk\crm\api\response\CommonAPIResponse->processResponse()
#2 C:\Users\Mr Faisal\Desktop\Zoho-php-practisoner\vendor\zohocrm\php-sdk\src\crm\api\response\APIResponse.php(34): zcrmsdk\crm\api\response\CommonAPIResponse->__construct('HTTP/1.1 400 \r\n...', 400, NULL)
#3 C:\Users\Mr Faisal\Desktop\Zoho-php-practisoner\vendor\zohocrm\php-sdk\src\crm\api\APIRequest.php(122): zcrmsdk\crm\api\response\APIResponse->__construct('HTTP/1.1 400 \r\n...', 400)
#4 C:\Users\Mr Faisal\Desktop\Zoho-php-practisoner\vendor\zohocrm\php-sdk\src\crm\api\handler\OrganizationAPIHandler.php(121): zcrmsdk\crm\api\APIRequest->getAPIResponse()
#5 C:\Users\Mr Faisal\Desktop\Zoho-php-practisoner\vendor\zohocrm\php-sdk\src\crm\setup\restclient\ZCRMRestClient.php(134): zcrmsdk\crm\api\handler\OrganizationAPIHandler->getOrganizationDetails()
#6 C:\Users\Mr Faisal\Desktop\Zoho-php-practisoner\app\views\index.view.php(8): zcrmsdk\crm\setup\restclient\ZCRMRestClient::getOrganizationDetails()
#7 C:\Users\Mr Faisal\Desktop\Zoho-php-practisoner\core\bootstrap.php(24): require('C:\\Users\\Mr Fai...')
#8 C:\Users\Mr Faisal\Desktop\Zoho-php-practisoner\app\controllers\PagesController.php(10): view('index')
#9 C:\Users\Mr Faisal\Desktop\Zoho-php-practisoner\core\Router.php(57): App\Controllers\PagesController->home()
#10 C:\Users\Mr Faisal\Desktop\Zoho-php-practisoner\core\Router.php(39): App\core\Router->callAction(Object(App\Controllers\PagesController), 'home')
#11 C:\Users\Mr Faisal\Desktop\Zoho-php-practisoner\index.php(10): App\core\Router->direct('home', 'GET')
#12 {main}
2020-01-04 11:14:38 ERROR: zcrmsdk\crm\exception\ZCRMException Caused by:'unable to process your request. please verify whether you have entered proper method name, parameter and parameter values.' in C:\Users\Mr Faisal\Desktop\Zoho-php-practisoner\vendor\zohocrm\php-sdk\src\crm\api\response\APIResponse.php(93)
Trace::#0 C:\Users\Mr Faisal\Desktop\Zoho-php-practisoner\vendor\zohocrm\php-sdk\src\crm\api\response\CommonAPIResponse.php(76): zcrmsdk\crm\api\response\APIResponse->handleForFaultyResponses()
#1 C:\Users\Mr Faisal\Desktop\Zoho-php-practisoner\vendor\zohocrm\php-sdk\src\crm\api\response\CommonAPIResponse.php(67): zcrmsdk\crm\api\response\CommonAPIResponse->processResponse()
#2 C:\Users\Mr Faisal\Desktop\Zoho-php-practisoner\vendor\zohocrm\php-sdk\src\crm\api\response\APIResponse.php(34): zcrmsdk\crm\api\response\CommonAPIResponse->__construct('HTTP/1.1 400 \r\n...', 400, NULL)
#3 C:\Users\Mr Faisal\Desktop\Zoho-php-practisoner\vendor\zohocrm\php-sdk\src\crm\api\APIRequest.php(122): zcrmsdk\crm\api\response\APIResponse->__construct('HTTP/1.1 400 \r\n...', 400)
#4 C:\Users\Mr Faisal\Desktop\Zoho-php-practisoner\vendor\zohocrm\php-sdk\src\crm\api\handler\OrganizationAPIHandler.php(121): zcrmsdk\crm\api\APIRequest->getAPIResponse()
#5 C:\Users\Mr Faisal\Desktop\Zoho-php-practisoner\vendor\zohocrm\php-sdk\src\crm\setup\restclient\ZCRMRestClient.php(134): zcrmsdk\crm\api\handler\OrganizationAPIHandler->getOrganizationDetails()
#6 C:\Users\Mr Faisal\Desktop\Zoho-php-practisoner\app\views\index.view.php(8): zcrmsdk\crm\setup\restclient\ZCRMRestClient::getOrganizationDetails()
#7 C:\Users\Mr Faisal\Desktop\Zoho-php-practisoner\core\bootstrap.php(24): require('C:\\Users\\Mr Fai...')
#8 C:\Users\Mr Faisal\Desktop\Zoho-php-practisoner\app\controllers\PagesController.php(10): view('index')
#9 C:\Users\Mr Faisal\Desktop\Zoho-php-practisoner\core\Router.php(57): App\Controllers\PagesController->home()
#10 C:\Users\Mr Faisal\Desktop\Zoho-php-practisoner\core\Router.php(39): App\core\Router->callAction(Object(App\Controllers\PagesController), 'home')
#11 C:\Users\Mr Faisal\Desktop\Zoho-php-practisoner\index.php(10): App\core\Router->direct('home', 'GET')
#12 {main}
2020-01-04 11:24:46 ERROR: zcrmsdk\crm\exception\ZCRMException Caused by:'unable to process your request. please verify whether you have entered proper method name, parameter and parameter values.' in C:\Users\Mr Faisal\Desktop\Zoho-php-practisoner\vendor\zohocrm\php-sdk\src\crm\api\response\APIResponse.php(93)
Trace::#0 C:\Users\Mr Faisal\Desktop\Zoho-php-practisoner\vendor\zohocrm\php-sdk\src\crm\api\response\CommonAPIResponse.php(76): zcrmsdk\crm\api\response\APIResponse->handleForFaultyResponses()
#1 C:\Users\Mr Faisal\Desktop\Zoho-php-practisoner\vendor\zohocrm\php-sdk\src\crm\api\response\CommonAPIResponse.php(67): zcrmsdk\crm\api\response\CommonAPIResponse->processResponse()
#2 C:\Users\Mr Faisal\Desktop\Zoho-php-practisoner\vendor\zohocrm\php-sdk\src\crm\api\response\APIResponse.php(34): zcrmsdk\crm\api\response\CommonAPIResponse->__construct('HTTP/1.1 400 \r\n...', 400, NULL)
#3 C:\Users\Mr Faisal\Desktop\Zoho-php-practisoner\vendor\zohocrm\php-sdk\src\crm\api\APIRequest.php(122): zcrmsdk\crm\api\response\APIResponse->__construct('HTTP/1.1 400 \r\n...', 400)
#4 C:\Users\Mr Faisal\Desktop\Zoho-php-practisoner\vendor\zohocrm\php-sdk\src\crm\api\handler\OrganizationAPIHandler.php(121): zcrmsdk\crm\api\APIRequest->getAPIResponse()
#5 C:\Users\Mr Faisal\Desktop\Zoho-php-practisoner\vendor\zohocrm\php-sdk\src\crm\setup\restclient\ZCRMRestClient.php(134): zcrmsdk\crm\api\handler\OrganizationAPIHandler->getOrganizationDetails()
#6 C:\Users\Mr Faisal\Desktop\Zoho-php-practisoner\app\views\index.view.php(7): zcrmsdk\crm\setup\restclient\ZCRMRestClient::getOrganizationDetails()
#7 C:\Users\Mr Faisal\Desktop\Zoho-php-practisoner\core\bootstrap.php(24): require('C:\\Users\\Mr Fai...')
#8 C:\Users\Mr Faisal\Desktop\Zoho-php-practisoner\app\controllers\PagesController.php(10): view('index')
#9 C:\Users\Mr Faisal\Desktop\Zoho-php-practisoner\core\Router.php(57): App\Controllers\PagesController->home()
#10 C:\Users\Mr Faisal\Desktop\Zoho-php-practisoner\core\Router.php(39): App\core\Router->callAction(Object(App\Controllers\PagesController), 'home')
#11 C:\Users\Mr Faisal\Desktop\Zoho-php-practisoner\index.php(10): App\core\Router->direct('home', 'GET')
#12 {main}
